\BOOKMARK [1][-]{section*.1}{Abstract}{}% 1
\BOOKMARK [1][-]{section*.2}{Preface}{}% 2
\BOOKMARK [1][-]{section*.3}{Contents}{}% 3
\BOOKMARK [1][-]{section*.7}{Symbols and abbreviations}{}% 4
\BOOKMARK [1][-]{section.1}{Introduction}{}% 5
\BOOKMARK [1][-]{section.2}{Speech Synthesis History}{}% 6
\BOOKMARK [1][-]{section.3}{Emotion Analysis}{}% 7
\BOOKMARK [1][-]{section.4}{HMM}{}% 8
\BOOKMARK [1][-]{section.5}{HMM-Based Speech Synthesis}{}% 9
\BOOKMARK [2][-]{subsection.5.1}{Training Part}{section.5}% 10
\BOOKMARK [2][-]{subsection.5.2}{Synthesis Part}{section.5}% 11
\BOOKMARK [1][-]{section.6}{Vocoders}{}% 12
\BOOKMARK [2][-]{subsection.6.1}{GlotHMM}{section.6}% 13
\BOOKMARK [2][-]{subsection.6.2}{STRAIGHT}{section.6}% 14
\BOOKMARK [1][-]{section.7}{Adaptation}{}% 15
\BOOKMARK [2][-]{subsection.7.1}{Maximum Likelihood linear Regression}{section.7}% 16
\BOOKMARK [2][-]{subsection.7.2}{Parameter Estimation}{section.7}% 17
\BOOKMARK [2][-]{subsection.7.3}{Regression Class Trees}{section.7}% 18
\BOOKMARK [2][-]{subsection.7.4}{Maximum a Posteriori}{section.7}% 19
\BOOKMARK [2][-]{subsection.7.5}{Adaptive Training}{section.7}% 20
\BOOKMARK [1][-]{section.8}{Experiments}{}% 21
\BOOKMARK [2][-]{subsection.8.1}{Depenent models}{section.8}% 22
\BOOKMARK [3][-]{subsubsection.8.1.1}{Configuration File}{subsection.8.1}% 23
\BOOKMARK [3][-]{subsubsection.8.1.2}{HTS Configuration File}{subsection.8.1}% 24
\BOOKMARK [3][-]{subsubsection.8.1.3}{Feature Extraction}{subsection.8.1}% 25
\BOOKMARK [3][-]{subsubsection.8.1.4}{Training}{subsection.8.1}% 26
\BOOKMARK [2][-]{subsection.8.2}{Adaptation}{section.8}% 27
\BOOKMARK [2][-]{subsection.8.3}{Synthesis}{section.8}% 28
\BOOKMARK [1][-]{section.9}{Results}{}% 29
\BOOKMARK [2][-]{subsection.9.1}{Training and Test Data}{section.9}% 30
\BOOKMARK [3][-]{subsubsection.9.1.1}{Male voice}{subsection.9.1}% 31
\BOOKMARK [3][-]{subsubsection.9.1.2}{Female voice}{subsection.9.1}% 32
\BOOKMARK [2][-]{subsection.9.2}{Test}{section.9}% 33
\BOOKMARK [2][-]{subsection.9.3}{Male Voices Results}{section.9}% 34
\BOOKMARK [3][-]{subsubsection.9.3.1}{Dependent Model Results}{subsection.9.3}% 35
\BOOKMARK [3][-]{subsubsection.9.3.2}{Adaptation Model Results}{subsection.9.3}% 36
\BOOKMARK [2][-]{subsection.9.4}{Female Voices Results}{section.9}% 37
\BOOKMARK [3][-]{subsubsection.9.4.1}{Dependent Model Results}{subsection.9.4}% 38
\BOOKMARK [3][-]{subsubsection.9.4.2}{Adaptation Model Results}{subsection.9.4}% 39
\BOOKMARK [1][-]{section.10}{Conclusion}{}% 40
\BOOKMARK [1][-]{appendix.A}{Apendix A}{}% 41
\BOOKMARK [2][-]{subsection.A.1}{HTK Tools}{appendix.A}% 42
\BOOKMARK [2][-]{subsection.A.2}{F0 examples}{appendix.A}% 43
\BOOKMARK [2][-]{subsection.A.3}{Latin Square}{appendix.A}% 44
\BOOKMARK [2][-]{subsection.A.4}{GlottHMM Configuration File Example}{appendix.A}% 45
