\BOOKMARK [1][-]{section*.1}{Abstract}{}
\BOOKMARK [1][-]{section*.2}{Preface}{}
\BOOKMARK [1][-]{section*.3}{Contents}{}
\BOOKMARK [1][-]{section*.7}{Symbols and abbreviations}{}
\BOOKMARK [1][-]{section.1}{Introduction}{}
\BOOKMARK [1][-]{section.2}{Speech Synthesis History}{}
\BOOKMARK [1][-]{section.3}{Emotion Analysis}{}
\BOOKMARK [1][-]{section.4}{HMM}{}
\BOOKMARK [1][-]{section.5}{HMM-Based Speech Synthesis}{}
\BOOKMARK [2][-]{subsection.5.1}{Training Part}{section.5}
\BOOKMARK [2][-]{subsection.5.2}{Synthesis Part}{section.5}
\BOOKMARK [1][-]{section.6}{Vocoders}{}
\BOOKMARK [2][-]{subsection.6.1}{GlotHMM}{section.6}
\BOOKMARK [2][-]{subsection.6.2}{STRAIGHT}{section.6}
\BOOKMARK [1][-]{section.7}{Adaptation}{}
\BOOKMARK [2][-]{subsection.7.1}{Maximum Likelihood linear Regression}{section.7}
\BOOKMARK [2][-]{subsection.7.2}{Parameter Estimation}{section.7}
\BOOKMARK [2][-]{subsection.7.3}{Regression Class Trees}{section.7}
\BOOKMARK [2][-]{subsection.7.4}{Maximum a Posteriori}{section.7}
\BOOKMARK [2][-]{subsection.7.5}{Adaptive Training}{section.7}
\BOOKMARK [1][-]{section.8}{Experiments}{}
\BOOKMARK [2][-]{subsection.8.1}{Depenent models}{section.8}
\BOOKMARK [3][-]{subsubsection.8.1.1}{Configuration File}{subsection.8.1}
\BOOKMARK [3][-]{subsubsection.8.1.2}{HTS Configuration File}{subsection.8.1}
\BOOKMARK [3][-]{subsubsection.8.1.3}{Feature Extraction}{subsection.8.1}
\BOOKMARK [3][-]{subsubsection.8.1.4}{Training}{subsection.8.1}
\BOOKMARK [2][-]{subsection.8.2}{Adaptation}{section.8}
\BOOKMARK [2][-]{subsection.8.3}{Synthesis}{section.8}
\BOOKMARK [1][-]{section.9}{Results}{}
\BOOKMARK [2][-]{subsection.9.1}{Training and Test Data}{section.9}
\BOOKMARK [3][-]{subsubsection.9.1.1}{Male voice}{subsection.9.1}
\BOOKMARK [3][-]{subsubsection.9.1.2}{Female voice}{subsection.9.1}
\BOOKMARK [2][-]{subsection.9.2}{Test}{section.9}
\BOOKMARK [2][-]{subsection.9.3}{Male Voices Results}{section.9}
\BOOKMARK [3][-]{subsubsection.9.3.1}{Dependent Model Results}{subsection.9.3}
\BOOKMARK [3][-]{subsubsection.9.3.2}{Adaptation Model Results}{subsection.9.3}
\BOOKMARK [2][-]{subsection.9.4}{Female Voices Results}{section.9}
\BOOKMARK [3][-]{subsubsection.9.4.1}{Dependent Model Results}{subsection.9.4}
\BOOKMARK [3][-]{subsubsection.9.4.2}{Adaptation Model Results}{subsection.9.4}
\BOOKMARK [1][-]{section.10}{Conclusion}{}
\BOOKMARK [1][-]{appendix.A}{Apendix A}{}
\BOOKMARK [2][-]{subsection.A.1}{HTK Tools}{appendix.A}
\BOOKMARK [2][-]{subsection.A.2}{F0 examples}{appendix.A}
\BOOKMARK [2][-]{subsection.A.3}{Latin Square}{appendix.A}
\BOOKMARK [2][-]{subsection.A.4}{GlottHMM Configuration File Example}{appendix.A}
